<?xml version="1.0" encoding="UTF-8"?>
<!-- Generated by org.testng.reporters.JUnitReportReporter -->
<testsuite hostname="DESKTOP-6VTJ9AE" name="demo.TestNGGroupsDemo" tests="4" failures="0" timestamp="28 Jun 2019 23:31:08 GMT" time="0.013" errors="0">
  <testcase name="test3" time="0.001" classname="demo.TestNGGroupsDemo"/>
  <testcase name="test1" time="0.010" classname="demo.TestNGGroupsDemo"/>
  <testcase name="test4" time="0.001" classname="demo.TestNGGroupsDemo"/>
  <testcase name="test2" time="0.001" classname="demo.TestNGGroupsDemo"/>
</testsuite> <!-- demo.TestNGGroupsDemo -->
