<?xml version="1.0" encoding="UTF-8"?>
<!-- Generated by org.testng.reporters.JUnitReportReporter -->
<testsuite hostname="DESKTOP-6VTJ9AE" name="Test.ExtentReportsDemoWithTestNG" tests="2" failures="0" timestamp="12 Jun 2019 21:52:47 GMT" time="2.794" errors="0">
  <testcase name="test2" time="0.002" classname="Test.ExtentReportsDemoWithTestNG"/>
  <testcase name="test1" time="2.792" classname="Test.ExtentReportsDemoWithTestNG"/>
</testsuite> <!-- Test.ExtentReportsDemoWithTestNG -->
