<?xml version="1.0" encoding="UTF-8"?>
<!-- Generated by org.testng.reporters.JUnitReportReporter -->
<testsuite hostname="DESKTOP-6VTJ9AE" name="demo.TestNGPriorityDemo" tests="3" failures="0" timestamp="25 Jun 2019 23:36:15 GMT" time="0.010" errors="0">
  <testcase name="one" time="0.009" classname="demo.TestNGPriorityDemo"/>
  <testcase name="two" time="0.001" classname="demo.TestNGPriorityDemo"/>
  <testcase name="three" time="0.000" classname="demo.TestNGPriorityDemo"/>
</testsuite> <!-- demo.TestNGPriorityDemo -->
