<?xml version="1.0" encoding="UTF-8"?>
<!-- Generated by org.testng.reporters.JUnitReportReporter -->
<testsuite hostname="DESKTOP-6VTJ9AE" name="demo.TestNGIgnoreDemo" tests="2" failures="0" timestamp="28 Jun 2019 23:58:54 GMT" time="0.008" errors="0">
  <testcase name="test2" time="0.000" classname="demo.TestNGIgnoreDemo"/>
  <testcase name="test1" time="0.008" classname="demo.TestNGIgnoreDemo"/>
</testsuite> <!-- demo.TestNGIgnoreDemo -->
