<?xml version="1.0" encoding="UTF-8"?>
<!-- Generated by org.testng.reporters.JUnitReportReporter -->
<testsuite hostname="DESKTOP-6VTJ9AE" name="demo.testNGDependecyDemo" tests="3" failures="0" timestamp="28 Jun 2019 23:33:21 GMT" time="0.016" errors="0">
  <testcase name="test2" time="0.015" classname="demo.testNGDependecyDemo"/>
  <testcase name="test1" time="0.000" classname="demo.testNGDependecyDemo"/>
  <testcase name="test3" time="0.001" classname="demo.testNGDependecyDemo"/>
</testsuite> <!-- demo.testNGDependecyDemo -->
