<?xml version="1.0" encoding="UTF-8"?>
<!-- Generated by org.testng.reporters.JUnitReportReporter -->
<testsuite hostname="DESKTOP-6VTJ9AE" name="demo.AmazonTest" tests="1" failures="0" timestamp="1 Jul 2019 19:09:25 GMT" time="8.807" errors="0">
  <testcase name="testAmazon" time="8.807" classname="demo.AmazonTest"/>
</testsuite> <!-- demo.AmazonTest -->
