<?xml version="1.0" encoding="UTF-8"?>
<!-- Generated by org.testng.reporters.JUnitReportReporter -->
<testsuite hostname="DESKTOP-6VTJ9AE" name="demo.TestNGMultiBrowserDemo" tests="3" failures="0" timestamp="25 Jun 2019 23:56:59 GMT" time="17.097" errors="0">
  <testcase name="test1" time="4.774" classname="demo.TestNGMultiBrowserDemo"/>
  <testcase name="test1" time="6.527" classname="demo.TestNGMultiBrowserDemo"/>
  <testcase name="test1" time="5.796" classname="demo.TestNGMultiBrowserDemo"/>
</testsuite> <!-- demo.TestNGMultiBrowserDemo -->
