<?xml version="1.0" encoding="UTF-8"?>
<!-- Generated by org.testng.reporters.JUnitReportReporter -->
<testsuite hostname="DESKTOP-6VTJ9AE" name="Test.TestNG_Demo2" tests="1" failures="0" timestamp="11 Jun 2019 23:07:31 GMT" time="2.881" errors="0">
  <testcase name="googleSearch3" time="2.881" classname="Test.TestNG_Demo2"/>
</testsuite> <!-- Test.TestNG_Demo2 -->
