<?xml version="1.0" encoding="UTF-8"?>
<!-- Generated by org.testng.reporters.JUnitReportReporter -->
<testsuite hostname="DESKTOP-6VTJ9AE" name="utils.ExcelDataProvider" tests="3" failures="0" timestamp="25 Jun 2019 19:00:14 GMT" time="35.643" errors="0">
  <testcase name="test1" time="7.217" classname="utils.ExcelDataProvider"/>
  <testcase name="test1" time="6.285" classname="utils.ExcelDataProvider"/>
  <testcase name="test1" time="22.141" classname="utils.ExcelDataProvider"/>
</testsuite> <!-- utils.ExcelDataProvider -->
